<?xml version="1.0" encoding="UTF-8"?>
<!-- Generated by org.testng.reporters.JUnitXMLReporter -->
<testsuite ignored="0" hostname="DESKTOP-1126Q63" failures="0" tests="6" name="Test" time="15.914" errors="0" timestamp="2024-04-07T13:51:13 IST">
  <testcase classname="org.example.MyfirstDemo.Sample" name="testAmazonTitle" time="2.039"/>
  <testcase classname="org.example.MyfirstDemo.Sample" name="testCheckFooterLinks" time="3.734"/>
  <testcase classname="org.example.MyfirstDemo.Sample" name="testCricBuzzTitle" time="1.808"/>
  <testcase classname="org.example.MyfirstDemo.Sample" name="testGoogleTitle" time="1.593"/>
  <testcase classname="org.example.MyfirstDemo.Sample" name="testNavigateToAboutPage" time="2.358"/>
  <testcase classname="org.example.MyfirstDemo.AppTest" name="shouldAnswerWithTrue" time="0.001"/>
</testsuite> <!-- Test -->
