<?xml version="1.0" encoding="UTF-8"?>
<!-- Generated by org.testng.reporters.JUnitXMLReporter -->
<testsuite ignored="0" hostname="DESKTOP-1126Q63" failures="0" tests="5" name="Default test" time="20.856" errors="0" timestamp="2024-04-03T23:21:03 IST">
  <testcase classname="org.example.MyfirstDemo.Sample" name="testAmazonTitle" time="2.189"/>
  <testcase classname="org.example.MyfirstDemo.Sample" name="testCheckFooterLinks" time="5.224"/>
  <testcase classname="org.example.MyfirstDemo.Sample" name="testCricBuzzTitle" time="2.841"/>
  <testcase classname="org.example.MyfirstDemo.Sample" name="testGoogleTitle" time="1.252"/>
  <testcase classname="org.example.MyfirstDemo.Sample" name="testNavigateToAboutPage" time="4.381"/>
</testsuite> <!-- Default test -->
